This file contains any messages produced by compilers while
running configure, to aid debugging if configure makes a mistake.

It was created by fprint_demo configure 0.4, which was
generated by GNU Autoconf 2.61.  Invocation command line was

  $ ./configure 

## --------- ##
## Platform. ##
## --------- ##

hostname = fedora
uname -m = x86_64
uname -r = 5.11.6-HAXM-expSEHDsec-c4pt000
uname -s = Linux
uname -v = #1 SMP Wed May 12 23:29:10 EDT 2021

/usr/bin/uname -p = x86_64
/bin/uname -X     = unknown

/bin/arch              = x86_64
/usr/bin/arch -k       = unknown
/usr/convex/getsysinfo = unknown
/usr/bin/hostinfo      = unknown
/bin/machine           = unknown
/usr/bin/oslevel       = unknown
/bin/universe          = unknown

PATH: /usr/local/cuda-11.2/bin
PATH: /usr/local/cuda-11.2/NsightCompute-2019.1
PATH: /usr/local/sbin
PATH: /usr/local/bin
PATH: /usr/sbin
PATH: /usr/bin
PATH: /sbin
PATH: /bin
PATH: /var/lib/snapd/snap/bin
PATH: /home/c4pt/Android/Sdk/tools
PATH: /home/c4pt/Android/Sdk/platform-tools
PATH: /home/c4pt/Android/Sdk/emulator
PATH: /usr/bin/gradle/gradle-6.5/bin
PATH: /usr/java/jdk1.8.0_271-amd64/bin/
PATH: /usr/java/jre1.8.0_271-amd64/bin/
PATH: /home/c4pt/Android/Sdk/tools/bin/
PATH: /home/c4pt/opt/depot_tools


## ----------- ##
## Core tests. ##
## ----------- ##

configure:1745: checking for a BSD-compatible install
configure:1801: result: /usr/bin/install -c
configure:1812: checking whether build environment is sane
configure:1855: result: yes
configure:1883: checking for a thread-safe mkdir -p
configure:1922: result: /usr/bin/mkdir -p
configure:1935: checking for gawk
configure:1951: found /usr/bin/gawk
configure:1962: result: gawk
configure:1973: checking whether make sets $(MAKE)
configure:1994: result: yes
configure:2233: checking for gcc
configure:2249: found /usr/bin/gcc
configure:2260: result: gcc
configure:2498: checking for C compiler version
configure:2505: gcc --version >&5
gcc (GCC) 11.1.1 20210428 (Red Hat 11.1.1-1)
Copyright (C) 2021 Free Software Foundation, Inc.
This is free software; see the source for copying conditions.  There is NO
warranty; not even for MERCHANTABILITY or FITNESS FOR A PARTICULAR PURPOSE.

configure:2508: $? = 0
configure:2515: gcc -v >&5
Using built-in specs.
COLLECT_GCC=gcc
COLLECT_LTO_WRAPPER=/usr/libexec/gcc/x86_64-redhat-linux/11/lto-wrapper
OFFLOAD_TARGET_NAMES=nvptx-none
OFFLOAD_TARGET_DEFAULT=1
Target: x86_64-redhat-linux
Configured with: ../configure --enable-bootstrap --enable-languages=c,c++,fortran,objc,obj-c++,ada,go,d,lto --prefix=/usr --mandir=/usr/share/man --infodir=/usr/share/info --with-bugurl=http://bugzilla.redhat.com/bugzilla --enable-shared --enable-threads=posix --enable-checking=release --enable-multilib --with-system-zlib --enable-__cxa_atexit --disable-libunwind-exceptions --enable-gnu-unique-object --enable-linker-build-id --with-gcc-major-version-only --with-linker-hash-style=gnu --enable-plugin --enable-initfini-array --with-isl=/builddir/build/BUILD/gcc-11.1.1-20210428/obj-x86_64-redhat-linux/isl-install --enable-offload-targets=nvptx-none --without-cuda-driver --enable-gnu-indirect-function --enable-cet --with-tune=generic --with-arch_32=i686 --build=x86_64-redhat-linux
Thread model: posix
Supported LTO compression algorithms: zlib zstd
gcc version 11.1.1 20210428 (Red Hat 11.1.1-1) (GCC) 
configure:2518: $? = 0
configure:2525: gcc -V >&5
gcc: error: unrecognized command-line option '-V'
gcc: fatal error: no input files
compilation terminated.
configure:2528: $? = 1
configure:2551: checking for C compiler default output file name
configure:2578: gcc    conftest.c  >&5
configure:2581: $? = 0
configure:2619: result: a.out
configure:2636: checking whether the C compiler works
configure:2646: ./a.out
configure:2649: $? = 0
configure:2666: result: yes
configure:2673: checking whether we are cross compiling
configure:2675: result: no
configure:2678: checking for suffix of executables
configure:2685: gcc -o conftest    conftest.c  >&5
configure:2688: $? = 0
configure:2712: result: 
configure:2718: checking for suffix of object files
configure:2744: gcc -c   conftest.c >&5
configure:2747: $? = 0
configure:2770: result: o
configure:2774: checking whether we are using the GNU C compiler
configure:2803: gcc -c   conftest.c >&5
configure:2809: $? = 0
configure:2826: result: yes
configure:2831: checking whether gcc accepts -g
configure:2861: gcc -c -g  conftest.c >&5
configure:2867: $? = 0
configure:2966: result: yes
configure:2983: checking for gcc option to accept ISO C89
configure:3057: gcc  -c -g -O2  conftest.c >&5
configure:3063: $? = 0
configure:3086: result: none needed
configure:3115: checking for style of include used by make
configure:3143: result: GNU
configure:3168: checking dependency style of gcc
configure:3259: result: gcc3
configure:3275: checking whether gcc and cc understand -c and -o together
configure:3310: gcc -c conftest.c -o conftest2.o >&5
configure:3313: $? = 0
configure:3319: gcc -c conftest.c -o conftest2.o >&5
configure:3322: $? = 0
configure:3333: cc -c conftest.c >&5
configure:3336: $? = 0
configure:3344: cc -c conftest.c -o conftest2.o >&5
configure:3347: $? = 0
configure:3353: cc -c conftest.c -o conftest2.o >&5
configure:3356: $? = 0
configure:3374: result: yes
configure:3450: checking for pkg-config
configure:3468: found /usr/bin/pkg-config
configure:3480: result: /usr/bin/pkg-config
configure:3509: checking pkg-config is at least version 0.9.0
configure:3512: result: yes
configure:3523: checking for FPRINT
configure:3531: $PKG_CONFIG --exists --print-errors ""libfprint""
configure:3534: $? = 0
configure:3549: $PKG_CONFIG --exists --print-errors ""libfprint""
configure:3552: $? = 0
configure:3628: result: yes
configure:3637: checking for GTK
configure:3645: $PKG_CONFIG --exists --print-errors ""gtk+-2.0""
configure:3648: $? = 0
configure:3663: $PKG_CONFIG --exists --print-errors ""gtk+-2.0""
configure:3666: $? = 0
configure:3742: result: yes
configure:3887: creating ./config.status

## ---------------------- ##
## Running config.status. ##
## ---------------------- ##

This file was extended by fprint_demo config.status 0.4, which was
generated by GNU Autoconf 2.61.  Invocation command line was

  CONFIG_FILES    = 
  CONFIG_HEADERS  = 
  CONFIG_LINKS    = 
  CONFIG_COMMANDS = 
  $ ./config.status 

on fedora

config.status:621: creating Makefile
config.status:621: creating src/Makefile
config.status:812: executing depfiles commands

## ---------------- ##
## Cache variables. ##
## ---------------- ##

ac_cv_c_compiler_gnu=yes
ac_cv_env_CC_set=
ac_cv_env_CC_value=
ac_cv_env_CFLAGS_set=
ac_cv_env_CFLAGS_value=
ac_cv_env_CPPFLAGS_set=
ac_cv_env_CPPFLAGS_value=
ac_cv_env_FPRINT_CFLAGS_set=
ac_cv_env_FPRINT_CFLAGS_value=
ac_cv_env_FPRINT_LIBS_set=
ac_cv_env_FPRINT_LIBS_value=
ac_cv_env_GTK_CFLAGS_set=
ac_cv_env_GTK_CFLAGS_value=
ac_cv_env_GTK_LIBS_set=
ac_cv_env_GTK_LIBS_value=
ac_cv_env_LDFLAGS_set=
ac_cv_env_LDFLAGS_value=
ac_cv_env_LIBS_set=
ac_cv_env_LIBS_value=
ac_cv_env_PKG_CONFIG_set=
ac_cv_env_PKG_CONFIG_value=
ac_cv_env_build_alias_set=
ac_cv_env_build_alias_value=
ac_cv_env_host_alias_set=
ac_cv_env_host_alias_value=
ac_cv_env_target_alias_set=
ac_cv_env_target_alias_value=
ac_cv_objext=o
ac_cv_path_ac_pt_PKG_CONFIG=/usr/bin/pkg-config
ac_cv_path_install='/usr/bin/install -c'
ac_cv_path_mkdir=/usr/bin/mkdir
ac_cv_prog_AWK=gawk
ac_cv_prog_ac_ct_CC=gcc
ac_cv_prog_cc_c89=
ac_cv_prog_cc_g=yes
ac_cv_prog_cc_gcc_c_o=yes
ac_cv_prog_make_make_set=yes
am_cv_CC_dependencies_compiler_type=gcc3
pkg_cv_FPRINT_CFLAGS='-I/usr/include/libfprint '
pkg_cv_FPRINT_LIBS='-lfprint '
pkg_cv_GTK_CFLAGS='-I/usr/include/gtk-2.0 -I/usr/lib64/gtk-2.0/include -I/usr/include/pango-1.0 -I/usr/include/glib-2.0 -I/usr/lib64/glib-2.0/include -I/usr/include/sysprof-4 -I/usr/include/harfbuzz -I/usr/include/freetype2 -I/usr/include/libpng16 -I/usr/include/libmount -I/usr/include/blkid -I/usr/include/fribidi -I/usr/include/libxml2 -I/usr/include/cairo -I/usr/include/pixman-1 -I/usr/include/gdk-pixbuf-2.0 -I/usr/include/atk-1.0 -pthread '
pkg_cv_GTK_LIBS='-lgtk-x11-2.0 -lgdk-x11-2.0 -lpangocairo-1.0 -latk-1.0 -lcairo -lgdk_pixbuf-2.0 -lgio-2.0 -lpangoft2-1.0 -lpango-1.0 -lgobject-2.0 -lglib-2.0 -lharfbuzz -lfontconfig -lfreetype '

## ----------------- ##
## Output variables. ##
## ----------------- ##

ACLOCAL='${SHELL} /home/c4pt/opt/vfs495/fprint_demo-0.4/missing --run aclocal-1.10'
AMDEPBACKSLASH='\'
AMDEP_FALSE='#'
AMDEP_TRUE=''
AMTAR='${SHELL} /home/c4pt/opt/vfs495/fprint_demo-0.4/missing --run tar'
AUTOCONF='${SHELL} /home/c4pt/opt/vfs495/fprint_demo-0.4/missing --run autoconf'
AUTOHEADER='${SHELL} /home/c4pt/opt/vfs495/fprint_demo-0.4/missing --run autoheader'
AUTOMAKE='${SHELL} /home/c4pt/opt/vfs495/fprint_demo-0.4/missing --run automake-1.10'
AWK='gawk'
CC='gcc'
CCDEPMODE='depmode=gcc3'
CFLAGS='-g -O2'
CPPFLAGS=''
CYGPATH_W='echo'
DEFS='-DPACKAGE_NAME=\"fprint_demo\" -DPACKAGE_TARNAME=\"fprint_demo\" -DPACKAGE_VERSION=\"0.4\" -DPACKAGE_STRING=\"fprint_demo\ 0.4\" -DPACKAGE_BUGREPORT=\"\" -DPACKAGE=\"fprint_demo\" -DVERSION=\"0.4\"'
DEPDIR='.deps'
ECHO_C=''
ECHO_N='-n'
ECHO_T=''
EXEEXT=''
FPRINT_CFLAGS='-I/usr/include/libfprint '
FPRINT_LIBS='-lfprint '
GTK_CFLAGS='-I/usr/include/gtk-2.0 -I/usr/lib64/gtk-2.0/include -I/usr/include/pango-1.0 -I/usr/include/glib-2.0 -I/usr/lib64/glib-2.0/include -I/usr/include/sysprof-4 -I/usr/include/harfbuzz -I/usr/include/freetype2 -I/usr/include/libpng16 -I/usr/include/libmount -I/usr/include/blkid -I/usr/include/fribidi -I/usr/include/libxml2 -I/usr/include/cairo -I/usr/include/pixman-1 -I/usr/include/gdk-pixbuf-2.0 -I/usr/include/atk-1.0 -pthread '
GTK_LIBS='-lgtk-x11-2.0 -lgdk-x11-2.0 -lpangocairo-1.0 -latk-1.0 -lcairo -lgdk_pixbuf-2.0 -lgio-2.0 -lpangoft2-1.0 -lpango-1.0 -lgobject-2.0 -lglib-2.0 -lharfbuzz -lfontconfig -lfreetype '
INSTALL_DATA='${INSTALL} -m 644'
INSTALL_PROGRAM='${INSTALL}'
INSTALL_SCRIPT='${INSTALL}'
INSTALL_STRIP_PROGRAM='$(install_sh) -c -s'
LDFLAGS=''
LIBOBJS=''
LIBS=''
LTLIBOBJS=''
MAKEINFO='${SHELL} /home/c4pt/opt/vfs495/fprint_demo-0.4/missing --run makeinfo'
OBJEXT='o'
PACKAGE='fprint_demo'
PACKAGE_BUGREPORT=''
PACKAGE_NAME='fprint_demo'
PACKAGE_STRING='fprint_demo 0.4'
PACKAGE_TARNAME='fprint_demo'
PACKAGE_VERSION='0.4'
PATH_SEPARATOR=':'
PKG_CONFIG='/usr/bin/pkg-config'
SET_MAKE=''
SHELL='/bin/sh'
STRIP=''
VERSION='0.4'
ac_ct_CC='gcc'
am__fastdepCC_FALSE='#'
am__fastdepCC_TRUE=''
am__include='include'
am__isrc=''
am__leading_dot='.'
am__quote=''
am__tar='${AMTAR} chof - "$$tardir"'
am__untar='${AMTAR} xf -'
bindir='${exec_prefix}/bin'
build_alias=''
datadir='${datarootdir}'
datarootdir='${prefix}/share'
docdir='${datarootdir}/doc/${PACKAGE_TARNAME}'
dvidir='${docdir}'
exec_prefix='${prefix}'
host_alias=''
htmldir='${docdir}'
includedir='${prefix}/include'
infodir='${datarootdir}/info'
install_sh='$(SHELL) /home/c4pt/opt/vfs495/fprint_demo-0.4/install-sh'
libdir='${exec_prefix}/lib'
libexecdir='${exec_prefix}/libexec'
localedir='${datarootdir}/locale'
localstatedir='${prefix}/var'
mandir='${datarootdir}/man'
mkdir_p='/usr/bin/mkdir -p'
oldincludedir='/usr/include'
pdfdir='${docdir}'
prefix='/usr/local'
program_transform_name='s,x,x,'
psdir='${docdir}'
sbindir='${exec_prefix}/sbin'
sharedstatedir='${prefix}/com'
sysconfdir='${prefix}/etc'
target_alias=''

## ----------- ##
## confdefs.h. ##
## ----------- ##

#define PACKAGE_NAME "fprint_demo"
#define PACKAGE_TARNAME "fprint_demo"
#define PACKAGE_VERSION "0.4"
#define PACKAGE_STRING "fprint_demo 0.4"
#define PACKAGE_BUGREPORT ""
#define PACKAGE "fprint_demo"
#define VERSION "0.4"

configure: exit 0
