This file contains any messages produced by compilers while
running configure, to aid debugging if configure makes a mistake.

It was created by pam_fprint configure 0.2, which was
generated by GNU Autoconf 2.61.  Invocation command line was

  $ ./configure --prefix=/usr

## --------- ##
## Platform. ##
## --------- ##

hostname = fedora
uname -m = x86_64
uname -r = 5.11.6-HAXM-expSEHDsec-c4pt000
uname -s = Linux
uname -v = #1 SMP Wed May 12 23:29:10 EDT 2021

/usr/bin/uname -p = x86_64
/bin/uname -X     = unknown

/bin/arch              = x86_64
/usr/bin/arch -k       = unknown
/usr/convex/getsysinfo = unknown
/usr/bin/hostinfo      = unknown
/bin/machine           = unknown
/usr/bin/oslevel       = unknown
/bin/universe          = unknown

PATH: /usr/local/cuda-11.2/bin
PATH: /usr/local/cuda-11.2/NsightCompute-2019.1
PATH: /usr/local/sbin
PATH: /usr/local/bin
PATH: /usr/sbin
PATH: /usr/bin
PATH: /sbin
PATH: /bin
PATH: /var/lib/snapd/snap/bin
PATH: /home/c4pt/Android/Sdk/tools
PATH: /home/c4pt/Android/Sdk/platform-tools
PATH: /home/c4pt/Android/Sdk/emulator
PATH: /usr/bin/gradle/gradle-6.5/bin
PATH: /usr/java/jdk1.8.0_271-amd64/bin/
PATH: /usr/java/jre1.8.0_271-amd64/bin/
PATH: /home/c4pt/Android/Sdk/tools/bin/
PATH: /home/c4pt/opt/depot_tools


## ----------- ##
## Core tests. ##
## ----------- ##

configure:1631: loading site script /usr/share/config.site
| # This is the config.site file to satisfy FHS defaults when installing below
| # /usr.
| #
| # You may override this file by your config.site using the CONFIG_SITE env
| # variable.
| #
| # Note: This file includes also RHEL/Fedora fix for installing libraries into
| # "/lib/lib64" on 64bit systems.
| 
| if test -n "$host"; then
|     # skip when cross-compiling
|     return 0
| fi
| 
| if test "$prefix" = /usr \
|    || { test "$prefix" = NONE && test "$ac_default_prefix" = /usr ; }
| then
|     test "$sysconfdir" = '${prefix}/etc' && sysconfdir=/etc
|     test "$sharedstatedir" = '${prefix}/com' && sharedstatedir=/var
|     test "$localstatedir" = '${prefix}/var' && localstatedir=/var
| 
|     ARCH=`uname -m`
|     for i in x86_64 ppc64 s390x aarch64; do
|         if test $ARCH = $i; then
|             test "$libdir" = '${exec_prefix}/lib' && libdir='${exec_prefix}/lib64'
|             break
|         fi
|     done
| fi
configure:1781: checking for a BSD-compatible install
configure:1837: result: /usr/bin/install -c
configure:1848: checking whether build environment is sane
configure:1891: result: yes
configure:1919: checking for a thread-safe mkdir -p
configure:1958: result: /usr/bin/mkdir -p
configure:1971: checking for gawk
configure:1987: found /usr/bin/gawk
configure:1998: result: gawk
configure:2009: checking whether make sets $(MAKE)
configure:2030: result: yes
configure:2269: checking for gcc
configure:2285: found /usr/bin/gcc
configure:2296: result: gcc
configure:2534: checking for C compiler version
configure:2541: gcc --version >&5
gcc (GCC) 11.1.1 20210428 (Red Hat 11.1.1-1)
Copyright (C) 2021 Free Software Foundation, Inc.
This is free software; see the source for copying conditions.  There is NO
warranty; not even for MERCHANTABILITY or FITNESS FOR A PARTICULAR PURPOSE.

configure:2544: $? = 0
configure:2551: gcc -v >&5
Using built-in specs.
COLLECT_GCC=gcc
COLLECT_LTO_WRAPPER=/usr/libexec/gcc/x86_64-redhat-linux/11/lto-wrapper
OFFLOAD_TARGET_NAMES=nvptx-none
OFFLOAD_TARGET_DEFAULT=1
Target: x86_64-redhat-linux
Configured with: ../configure --enable-bootstrap --enable-languages=c,c++,fortran,objc,obj-c++,ada,go,d,lto --prefix=/usr --mandir=/usr/share/man --infodir=/usr/share/info --with-bugurl=http://bugzilla.redhat.com/bugzilla --enable-shared --enable-threads=posix --enable-checking=release --enable-multilib --with-system-zlib --enable-__cxa_atexit --disable-libunwind-exceptions --enable-gnu-unique-object --enable-linker-build-id --with-gcc-major-version-only --with-linker-hash-style=gnu --enable-plugin --enable-initfini-array --with-isl=/builddir/build/BUILD/gcc-11.1.1-20210428/obj-x86_64-redhat-linux/isl-install --enable-offload-targets=nvptx-none --without-cuda-driver --enable-gnu-indirect-function --enable-cet --with-tune=generic --with-arch_32=i686 --build=x86_64-redhat-linux
Thread model: posix
Supported LTO compression algorithms: zlib zstd
gcc version 11.1.1 20210428 (Red Hat 11.1.1-1) (GCC) 
configure:2554: $? = 0
configure:2561: gcc -V >&5
gcc: error: unrecognized command-line option '-V'
gcc: fatal error: no input files
compilation terminated.
configure:2564: $? = 1
configure:2587: checking for C compiler default output file name
configure:2614: gcc    conftest.c  >&5
configure:2617: $? = 0
configure:2655: result: a.out
configure:2672: checking whether the C compiler works
configure:2682: ./a.out
configure:2685: $? = 0
configure:2702: result: yes
configure:2709: checking whether we are cross compiling
configure:2711: result: no
configure:2714: checking for suffix of executables
configure:2721: gcc -o conftest    conftest.c  >&5
configure:2724: $? = 0
configure:2748: result: 
configure:2754: checking for suffix of object files
configure:2780: gcc -c   conftest.c >&5
configure:2783: $? = 0
configure:2806: result: o
configure:2810: checking whether we are using the GNU C compiler
configure:2839: gcc -c   conftest.c >&5
configure:2845: $? = 0
configure:2862: result: yes
configure:2867: checking whether gcc accepts -g
configure:2897: gcc -c -g  conftest.c >&5
configure:2903: $? = 0
configure:3002: result: yes
configure:3019: checking for gcc option to accept ISO C89
configure:3093: gcc  -c -g -O2  conftest.c >&5
configure:3099: $? = 0
configure:3122: result: none needed
configure:3151: checking for style of include used by make
configure:3179: result: GNU
configure:3204: checking dependency style of gcc
configure:3295: result: gcc3
configure:3311: checking whether gcc and cc understand -c and -o together
configure:3346: gcc -c conftest.c -o conftest2.o >&5
configure:3349: $? = 0
configure:3355: gcc -c conftest.c -o conftest2.o >&5
configure:3358: $? = 0
configure:3369: cc -c conftest.c >&5
configure:3372: $? = 0
configure:3380: cc -c conftest.c -o conftest2.o >&5
configure:3383: $? = 0
configure:3389: cc -c conftest.c -o conftest2.o >&5
configure:3392: $? = 0
configure:3410: result: yes
configure:3443: checking how to run the C preprocessor
configure:3483: gcc -E  conftest.c
configure:3489: $? = 0
configure:3520: gcc -E  conftest.c
conftest.c:10:10: fatal error: ac_nonexistent.h: No such file or directory
   10 | #include <ac_nonexistent.h>
      |          ^~~~~~~~~~~~~~~~~~
compilation terminated.
configure:3526: $? = 1
configure: failed program was:
| /* confdefs.h.  */
| #define PACKAGE_NAME "pam_fprint"
| #define PACKAGE_TARNAME "pam_fprint"
| #define PACKAGE_VERSION "0.2"
| #define PACKAGE_STRING "pam_fprint 0.2"
| #define PACKAGE_BUGREPORT ""
| #define PACKAGE "pam_fprint"
| #define VERSION "0.2"
| /* end confdefs.h.  */
| #include <ac_nonexistent.h>
configure:3559: result: gcc -E
configure:3588: gcc -E  conftest.c
configure:3594: $? = 0
configure:3625: gcc -E  conftest.c
conftest.c:10:10: fatal error: ac_nonexistent.h: No such file or directory
   10 | #include <ac_nonexistent.h>
      |          ^~~~~~~~~~~~~~~~~~
compilation terminated.
configure:3631: $? = 1
configure: failed program was:
| /* confdefs.h.  */
| #define PACKAGE_NAME "pam_fprint"
| #define PACKAGE_TARNAME "pam_fprint"
| #define PACKAGE_VERSION "0.2"
| #define PACKAGE_STRING "pam_fprint 0.2"
| #define PACKAGE_BUGREPORT ""
| #define PACKAGE "pam_fprint"
| #define VERSION "0.2"
| /* end confdefs.h.  */
| #include <ac_nonexistent.h>
configure:3669: checking for grep that handles long lines and -e
configure:3743: result: /usr/bin/grep
configure:3748: checking for egrep
configure:3826: result: /usr/bin/grep -E
configure:3831: checking for ANSI C header files
configure:3861: gcc -c -g -O2  conftest.c >&5
configure:3867: $? = 0
configure:3966: gcc -o conftest -g -O2   conftest.c  >&5
configure:3969: $? = 0
configure:3975: ./conftest
configure:3978: $? = 0
configure:3995: result: yes
configure:4019: checking for sys/types.h
configure:4040: gcc -c -g -O2  conftest.c >&5
configure:4046: $? = 0
configure:4062: result: yes
configure:4019: checking for sys/stat.h
configure:4040: gcc -c -g -O2  conftest.c >&5
configure:4046: $? = 0
configure:4062: result: yes
configure:4019: checking for stdlib.h
configure:4040: gcc -c -g -O2  conftest.c >&5
configure:4046: $? = 0
configure:4062: result: yes
configure:4019: checking for string.h
configure:4040: gcc -c -g -O2  conftest.c >&5
configure:4046: $? = 0
configure:4062: result: yes
configure:4019: checking for memory.h
configure:4040: gcc -c -g -O2  conftest.c >&5
configure:4046: $? = 0
configure:4062: result: yes
configure:4019: checking for strings.h
configure:4040: gcc -c -g -O2  conftest.c >&5
configure:4046: $? = 0
configure:4062: result: yes
configure:4019: checking for inttypes.h
configure:4040: gcc -c -g -O2  conftest.c >&5
configure:4046: $? = 0
configure:4062: result: yes
configure:4019: checking for stdint.h
configure:4040: gcc -c -g -O2  conftest.c >&5
configure:4046: $? = 0
configure:4062: result: yes
configure:4019: checking for unistd.h
configure:4040: gcc -c -g -O2  conftest.c >&5
configure:4046: $? = 0
configure:4062: result: yes
configure:4084: checking security/pam_modules.h usability
configure:4101: gcc -c -g -O2  conftest.c >&5
configure:4107: $? = 0
configure:4121: result: yes
configure:4125: checking security/pam_modules.h presence
configure:4140: gcc -E  conftest.c
configure:4146: $? = 0
configure:4160: result: yes
configure:4188: checking for security/pam_modules.h
configure:4195: result: yes
configure:4208: checking for pam_start in -lpam
configure:4243: gcc -o conftest -g -O2   conftest.c -lpam   >&5
configure:4249: $? = 0
configure:4267: result: yes
configure:4328: checking for pkg-config
configure:4346: found /usr/bin/pkg-config
configure:4358: result: /usr/bin/pkg-config
configure:4387: checking pkg-config is at least version 0.9.0
configure:4390: result: yes
configure:4401: checking for FPRINT
configure:4409: $PKG_CONFIG --exists --print-errors ""libfprint""
configure:4412: $? = 0
configure:4427: $PKG_CONFIG --exists --print-errors ""libfprint""
configure:4430: $? = 0
configure:4506: result: yes
configure:4651: creating ./config.status

## ---------------------- ##
## Running config.status. ##
## ---------------------- ##

This file was extended by pam_fprint config.status 0.2, which was
generated by GNU Autoconf 2.61.  Invocation command line was

  CONFIG_FILES    = 
  CONFIG_HEADERS  = 
  CONFIG_LINKS    = 
  CONFIG_COMMANDS = 
  $ ./config.status 

on fedora

config.status:623: creating Makefile
config.status:623: creating src/Makefile
config.status:814: executing depfiles commands

## ---------------- ##
## Cache variables. ##
## ---------------- ##

ac_cv_c_compiler_gnu=yes
ac_cv_env_CC_set=
ac_cv_env_CC_value=
ac_cv_env_CFLAGS_set=
ac_cv_env_CFLAGS_value=
ac_cv_env_CPPFLAGS_set=
ac_cv_env_CPPFLAGS_value=
ac_cv_env_CPP_set=
ac_cv_env_CPP_value=
ac_cv_env_FPRINT_CFLAGS_set=
ac_cv_env_FPRINT_CFLAGS_value=
ac_cv_env_FPRINT_LIBS_set=
ac_cv_env_FPRINT_LIBS_value=
ac_cv_env_LDFLAGS_set=
ac_cv_env_LDFLAGS_value=
ac_cv_env_LIBS_set=
ac_cv_env_LIBS_value=
ac_cv_env_PKG_CONFIG_set=
ac_cv_env_PKG_CONFIG_value=
ac_cv_env_build_alias_set=
ac_cv_env_build_alias_value=
ac_cv_env_host_alias_set=
ac_cv_env_host_alias_value=
ac_cv_env_target_alias_set=
ac_cv_env_target_alias_value=
ac_cv_header_inttypes_h=yes
ac_cv_header_memory_h=yes
ac_cv_header_security_pam_modules_h=yes
ac_cv_header_stdc=yes
ac_cv_header_stdint_h=yes
ac_cv_header_stdlib_h=yes
ac_cv_header_string_h=yes
ac_cv_header_strings_h=yes
ac_cv_header_sys_stat_h=yes
ac_cv_header_sys_types_h=yes
ac_cv_header_unistd_h=yes
ac_cv_lib_pam_pam_start=yes
ac_cv_objext=o
ac_cv_path_EGREP='/usr/bin/grep -E'
ac_cv_path_GREP=/usr/bin/grep
ac_cv_path_ac_pt_PKG_CONFIG=/usr/bin/pkg-config
ac_cv_path_install='/usr/bin/install -c'
ac_cv_path_mkdir=/usr/bin/mkdir
ac_cv_prog_AWK=gawk
ac_cv_prog_CPP='gcc -E'
ac_cv_prog_ac_ct_CC=gcc
ac_cv_prog_cc_c89=
ac_cv_prog_cc_g=yes
ac_cv_prog_cc_gcc_c_o=yes
ac_cv_prog_make_make_set=yes
am_cv_CC_dependencies_compiler_type=gcc3
pkg_cv_FPRINT_CFLAGS='-I/usr/include/libfprint '
pkg_cv_FPRINT_LIBS='-lfprint '

## ----------------- ##
## Output variables. ##
## ----------------- ##

ACLOCAL='${SHELL} /home/c4pt/opt/vfs495/pam_fprint-0.2/missing --run aclocal-1.10'
AMDEPBACKSLASH='\'
AMDEP_FALSE='#'
AMDEP_TRUE=''
AMTAR='${SHELL} /home/c4pt/opt/vfs495/pam_fprint-0.2/missing --run tar'
AUTOCONF='${SHELL} /home/c4pt/opt/vfs495/pam_fprint-0.2/missing --run autoconf'
AUTOHEADER='${SHELL} /home/c4pt/opt/vfs495/pam_fprint-0.2/missing --run autoheader'
AUTOMAKE='${SHELL} /home/c4pt/opt/vfs495/pam_fprint-0.2/missing --run automake-1.10'
AWK='gawk'
CC='gcc'
CCDEPMODE='depmode=gcc3'
CFLAGS='-g -O2'
CPP='gcc -E'
CPPFLAGS=''
CYGPATH_W='echo'
DEFS='-DPACKAGE_NAME=\"pam_fprint\" -DPACKAGE_TARNAME=\"pam_fprint\" -DPACKAGE_VERSION=\"0.2\" -DPACKAGE_STRING=\"pam_fprint\ 0.2\" -DPACKAGE_BUGREPORT=\"\" -DPACKAGE=\"pam_fprint\" -DVERSION=\"0.2\" -DSTDC_HEADERS=1 -DHAVE_SYS_TYPES_H=1 -DHAVE_SYS_STAT_H=1 -DHAVE_STDLIB_H=1 -DHAVE_STRING_H=1 -DHAVE_MEMORY_H=1 -DHAVE_STRINGS_H=1 -DHAVE_INTTYPES_H=1 -DHAVE_STDINT_H=1 -DHAVE_UNISTD_H=1'
DEPDIR='.deps'
ECHO_C=''
ECHO_N='-n'
ECHO_T=''
EGREP='/usr/bin/grep -E'
EXEEXT=''
FPRINT_CFLAGS='-I/usr/include/libfprint '
FPRINT_LIBS='-lfprint '
GREP='/usr/bin/grep'
INSTALL_DATA='${INSTALL} -m 644'
INSTALL_PROGRAM='${INSTALL}'
INSTALL_SCRIPT='${INSTALL}'
INSTALL_STRIP_PROGRAM='$(install_sh) -c -s'
LDFLAGS=''
LIBOBJS=''
LIBS=''
LTLIBOBJS=''
MAKEINFO='${SHELL} /home/c4pt/opt/vfs495/pam_fprint-0.2/missing --run makeinfo'
OBJEXT='o'
PACKAGE='pam_fprint'
PACKAGE_BUGREPORT=''
PACKAGE_NAME='pam_fprint'
PACKAGE_STRING='pam_fprint 0.2'
PACKAGE_TARNAME='pam_fprint'
PACKAGE_VERSION='0.2'
PAM_LIBS='-lpam'
PATH_SEPARATOR=':'
PKG_CONFIG='/usr/bin/pkg-config'
SET_MAKE=''
SHELL='/bin/sh'
STRIP=''
VERSION='0.2'
ac_ct_CC='gcc'
am__fastdepCC_FALSE='#'
am__fastdepCC_TRUE=''
am__include='include'
am__isrc=''
am__leading_dot='.'
am__quote=''
am__tar='${AMTAR} chof - "$$tardir"'
am__untar='${AMTAR} xf -'
bindir='${exec_prefix}/bin'
build_alias=''
datadir='${datarootdir}'
datarootdir='${prefix}/share'
docdir='${datarootdir}/doc/${PACKAGE_TARNAME}'
dvidir='${docdir}'
exec_prefix='${prefix}'
host_alias=''
htmldir='${docdir}'
includedir='${prefix}/include'
infodir='${datarootdir}/info'
install_sh='$(SHELL) /home/c4pt/opt/vfs495/pam_fprint-0.2/install-sh'
libdir='${exec_prefix}/lib64'
libexecdir='${exec_prefix}/libexec'
localedir='${datarootdir}/locale'
localstatedir='/var'
mandir='${datarootdir}/man'
mkdir_p='/usr/bin/mkdir -p'
oldincludedir='/usr/include'
pdfdir='${docdir}'
prefix='/usr'
program_transform_name='s,x,x,'
psdir='${docdir}'
sbindir='${exec_prefix}/sbin'
sharedstatedir='/var'
sysconfdir='/etc'
target_alias=''

## ----------- ##
## confdefs.h. ##
## ----------- ##

#define PACKAGE_NAME "pam_fprint"
#define PACKAGE_TARNAME "pam_fprint"
#define PACKAGE_VERSION "0.2"
#define PACKAGE_STRING "pam_fprint 0.2"
#define PACKAGE_BUGREPORT ""
#define PACKAGE "pam_fprint"
#define VERSION "0.2"
#define STDC_HEADERS 1
#define HAVE_SYS_TYPES_H 1
#define HAVE_SYS_STAT_H 1
#define HAVE_STDLIB_H 1
#define HAVE_STRING_H 1
#define HAVE_MEMORY_H 1
#define HAVE_STRINGS_H 1
#define HAVE_INTTYPES_H 1
#define HAVE_STDINT_H 1
#define HAVE_UNISTD_H 1

configure: exit 0
